<?xml version="1.0" encoding="UTF-8"?>
<!-- Generated by org.testng.reporters.JUnitReportReporter -->
<testsuite hostname="DESKTOP-VKRH7TQ" failures="0" tests="1" name="com.hrms.testscripts.TC002" time="0.019" errors="0" timestamp="21 Feb 2023 16:03:31 GMT">
  <testcase classname="com.hrms.testscripts.TC002" name="login_app" time="0.019"/>
</testsuite> <!-- com.hrms.testscripts.TC002 -->
